<?xml version="1.0" encoding="utf-8"?><testsuites><testsuite name="pytest" errors="0" failures="0" skipped="0" tests="3" time="29.707" timestamp="2023-06-21T08:20:57.628241" hostname="Jasons-MBP.attlocal.net"><testcase classname="test_HomePage.TestHomePage" name="test_formSubmission[getData0]" time="12.696" /><testcase classname="test_HomePage.TestHomePage" name="test_formSubmission[getData1]" time="1.168" /><testcase classname="test_endToEnd.TestOne" name="test_e2e" time="15.783" /></testsuite></testsuites>